select * from book2017-05-06 12:02:58:
select * from book2017-05-06 12:03:28:
select * from book2017-05-06 12:04:05:
select * from book2017-05-06 12:04:07:
select * from book2017-05-06 12:04:13:
select * from book2017-05-06 12:05:20:
select * from book2017-05-06 12:05:21:
select * from book2017-05-06 12:06:54:
2017-05-06 12:09:50:
select * from book2017-05-06 12:22:05:
select * from book2017-05-06 13:12:12:
select id from book2017-05-06 13:12:30:
select * from book2017-05-06 13:13:16:
select * from book2017-05-06 13:13:44:
select id,content from book2017-05-06 13:14:05:
select id,content from book where id = 32017-05-06 13:16:34:
select id,content from book2017-05-06 13:16:46:
select id,content from book2017-05-06 13:20:22:
select id,content from book2017-05-06 13:27:16:
select id,content from book